
Assigned bond orders to the workspace, while skipping residues with existing double & triple bonds
  Assigned the following bonds (format: atom1, atom2, order): {(4108, 4109, 2), (4140, 4141, 2), (4133, 4134, 2), (4135, 4136, 2), (4142, 4143, 2), (4113, 4114, 2), (4104, 4105, 2), (4131, 4132, 2), (4137, 4138, 2), (4145, 4154, 2), (4101, 4100, 2), (4102, 4103, 2), (4106, 4107, 2), (4130, 4129, 2), (4116, 4125, 2), (4111, 4112, 2)}

Added hydrogens to the Workspace structure

Treated metals in the Workspace structure
  Created disulfide bonds: []

Deleted waters farther than 5.0 angstroms from hets
  NEW HET 1 atoms: [4100, 4101, 4102, 4103, 4104, 4105, 4106, 4107, 4108, 4109, 4110, 4111, 4112, 4113, 4114, 4115, 4116, 4117, 4118, 4119, 4120, 4121, 4122, 4123, 4124, 4125, 4126, 4127, 4128]
  NEW HET 2 atoms: [4129, 4130, 4131, 4132, 4133, 4134, 4135, 4136, 4137, 4138, 4139, 4140, 4141, 4142, 4143, 4144, 4145, 4146, 4147, 4148, 4149, 4150, 4151, 4152, 4153, 4154, 4155, 4156, 4157]

Found 16 waters

Generated ionization/tautomeric states for all het groups
Epik job ({job_id}) incorporated.

Assigned bond orders to the workspace, while skipping residues with existing double & triple bonds
  No bond orders were changed

Added hydrogens to the Workspace structure

Treated metals in the Workspace structure
  Created disulfide bonds: []

Deleted waters farther than 5.0 angstroms from hets
  NEW HET 1 atoms: [4385, 4386, 4387, 4388, 4389, 4390, 4391]
  NEW HET 2 atoms: [4392, 4393, 4394, 4395, 4396, 4397, 4398]

Found 4 waters

Generated ionization/tautomeric states for all het groups
Epik job ({job_id}) incorporated.
