COMMAND:
 /localhome/Softwares/schrodinger/epik-v5.3/bin/Linux-x86_64/epik_app -imae /home/pxl/localhome3/Study/PLFilter/plip_rdkit/data/3bbh/prepwizard_workdir/prepwizard-epik_1.mae -omae prepwizard-epik_1-out.mae -ms 10 -ph 7.0 -pht 2.0 -cg 0.3 0.3 -retain_i -metal_binding
SCHRODINGER: /localhome/Softwares/schrodinger

Running Epik version     5.3139
Epik. Copyright Schrodinger, LLC. All rights reserved.

Input file name:                        /home/pxl/localhome3/Study/PLFilter/plip_rdkit/data/3bbh/prepwizard_workdir/prepwizard-epik_1.mae
Output file name:                       prepwizard-epik_1-out.mae
Maximum number of states set to: 10
Structure adjustment calculation requested.
  Target pH set to 7.000
pHt tolerance set to 2.000000e+00
Both connectivity and geometry used in determining redundant structures.
  Structures are distinct if: 
    any position differs by more than 3.000000e-01
    the rms difference in positions is larger than 3.000000e-01
Retain ionization state turned on
Metal binding mode turned on.

Adjusting structures for pH 7.000000e+00 and minimum probability 1.000000e-02
Solvent model name:                     water
[running at reduced cpu priority]
JobID:                                  pxl-System-Product-Name-0-617184b9
---------------------------
Processing Input Structure #1
        Title: 
                                              Calculated pKas
                                                 Conjugate
                                          Atom   Acid/Base  pKa
. . . . . . . . . . . . . . . . . . . . . . .
Variation: 1
                                            43   Conj_Acid 13.61
                                            45   Conj_Acid 12.56
                                            31   Conj_Acid  4.25
                                             1   Conj_Base  6.21
                                             9   Conj_Base  9.50
                                            20   Conj_Base  2.64
                                            24   Conj_Base  3.83
                                            26   Conj_Base -0.66
                                            48   Conj_Acid 13.02
                                            49   Conj_Acid 13.02
                                            14   Conj_Base -1.07
                                            16   Conj_Base -1.88
 pKa penalty:                                 7.26 kcal/mol
     Charging penalty:                        0.00 kcal/mol
     Neutralization penalty:                  7.26 kcal/mol
 Overall Penalty (tautomerization included): 12.67 kcal/mol
 Total Charge: 0
 Metal Penalty:                              12.67 kcal/mol
 Chemistry Notes:   This compound contains an acetal/aminal-like group ( X-CH(R)-Y where X, Y are N, S, or O) that may be acid/base labile, releasing an aldehyde.
. . . . . . . . . . . . . . . . . . . . . . .
Variation: 2
                                            42   Conj_Acid 13.07
                                            44   Conj_Acid 12.29
                                             4   Conj_Base  2.27
                                            28   Conj_Acid  9.44
                                            29   Conj_Acid  9.44
                                            36   Conj_Acid  9.50
                                            37   Conj_Acid  9.50
                                            50   Conj_Acid  9.44
                                            51   Conj_Acid  9.50
                                            20   Conj_Base  2.61
                                            24   Conj_Base  3.81
                                            26   Conj_Base -0.70
                                            47   Conj_Acid 13.01
                                            48   Conj_Acid 13.01
                                            14   Conj_Base -1.48
                                            16   Conj_Base -2.08
 pKa penalty:                                 0.00 kcal/mol
     Charging penalty:                        0.00 kcal/mol
     Neutralization penalty:                  0.00 kcal/mol
 Overall Penalty (tautomerization included):  1.06 kcal/mol
 Total Charge: 1
 Metal Penalty:                               1.06 kcal/mol
 Chemistry Notes:   This compound contains an acetal/aminal-like group ( X-CH(R)-Y where X, Y are N, S, or O) that may be acid/base labile, releasing an aldehyde.
. . . . . . . . . . . . . . . . . . . . . . .
Variation: 3
                                            41   Conj_Acid 13.07
                                            43   Conj_Acid 12.29
                                             4   Conj_Base  2.27
                                            28   Conj_Acid  9.44
                                            35   Conj_Acid  9.50
                                            36   Conj_Acid  9.50
                                            49   Conj_Acid  9.44
                                            50   Conj_Acid  9.50
                                            51   Conj_Acid  9.44
                                            20   Conj_Base  2.61
                                            24   Conj_Base  3.81
                                            26   Conj_Base -0.70
                                            46   Conj_Acid 13.01
                                            47   Conj_Acid 13.01
                                            14   Conj_Base -1.48
                                            16   Conj_Base -2.08
 pKa penalty:                                 0.00 kcal/mol
     Charging penalty:                        0.00 kcal/mol
     Neutralization penalty:                  0.00 kcal/mol
 Overall Penalty (tautomerization included):  1.06 kcal/mol
 Total Charge: 1
 Metal Penalty:                               1.06 kcal/mol
 Chemistry Notes:   This compound contains an acetal/aminal-like group ( X-CH(R)-Y where X, Y are N, S, or O) that may be acid/base labile, releasing an aldehyde.
. . . . . . . . . . . . . . . . . . . . . . .
Variation: 4
                                            41   Conj_Acid 13.07
                                            43   Conj_Acid 12.29
                                             4   Conj_Base  2.27
                                            28   Conj_Acid  9.44
                                            35   Conj_Acid  9.50
                                            36   Conj_Acid  9.50
                                            49   Conj_Acid  9.44
                                            50   Conj_Acid  9.50
                                            51   Conj_Acid  9.44
                                            20   Conj_Base  2.61
                                            24   Conj_Base  3.81
                                            26   Conj_Base -0.70
                                            46   Conj_Acid 13.01
                                            47   Conj_Acid 13.01
                                            14   Conj_Base -1.48
                                            16   Conj_Base -2.08
 pKa penalty:                                 0.00 kcal/mol
     Charging penalty:                        0.00 kcal/mol
     Neutralization penalty:                  0.00 kcal/mol
 Overall Penalty (tautomerization included):  1.06 kcal/mol
 Total Charge: 1
 Metal Penalty:                               1.06 kcal/mol
 Chemistry Notes:   This compound contains an acetal/aminal-like group ( X-CH(R)-Y where X, Y are N, S, or O) that may be acid/base labile, releasing an aldehyde.
. . . . . . . . . . . . . . . . . . . . . . .
Variation: 5
                                            41   Conj_Acid 13.07
                                            43   Conj_Acid 12.29
                                             4   Conj_Base  2.27
                                            28   Conj_Acid  9.44
                                            29   Conj_Acid  9.44
                                            36   Conj_Acid  9.50
                                            49   Conj_Acid  9.44
                                            50   Conj_Acid  9.50
                                            51   Conj_Acid  9.50
                                            20   Conj_Base  2.61
                                            24   Conj_Base  3.81
                                            26   Conj_Base -0.70
                                            46   Conj_Acid 13.01
                                            47   Conj_Acid 13.01
                                            14   Conj_Base -1.48
                                            16   Conj_Base -2.08
 pKa penalty:                                 0.00 kcal/mol
     Charging penalty:                        0.00 kcal/mol
     Neutralization penalty:                  0.00 kcal/mol
 Overall Penalty (tautomerization included):  1.06 kcal/mol
 Total Charge: 1
 Metal Penalty:                               1.06 kcal/mol
 Chemistry Notes:   This compound contains an acetal/aminal-like group ( X-CH(R)-Y where X, Y are N, S, or O) that may be acid/base labile, releasing an aldehyde.
. . . . . . . . . . . . . . . . . . . . . . .
Variation: 6
                                            41   Conj_Acid 13.07
                                            43   Conj_Acid 12.29
                                             4   Conj_Base  2.27
                                            28   Conj_Acid  9.44
                                            35   Conj_Acid  9.50
                                            36   Conj_Acid  9.50
                                            49   Conj_Acid  9.44
                                            50   Conj_Acid  9.50
                                            51   Conj_Acid  9.44
                                            20   Conj_Base  2.61
                                            24   Conj_Base  3.81
                                            26   Conj_Base -0.70
                                            46   Conj_Acid 13.01
                                            47   Conj_Acid 13.01
                                            14   Conj_Base -1.48
                                            16   Conj_Base -2.08
 pKa penalty:                                 0.00 kcal/mol
     Charging penalty:                        0.00 kcal/mol
     Neutralization penalty:                  0.00 kcal/mol
 Overall Penalty (tautomerization included):  1.06 kcal/mol
 Total Charge: 1
 Metal Penalty:                               1.06 kcal/mol
 Chemistry Notes:   This compound contains an acetal/aminal-like group ( X-CH(R)-Y where X, Y are N, S, or O) that may be acid/base labile, releasing an aldehyde.
. . . . . . . . . . . . . . . . . . . . . . .
Variation: 7
                                            41   Conj_Acid 13.07
                                            43   Conj_Acid 12.29
                                             4   Conj_Base  2.27
                                            28   Conj_Acid  9.44
                                            35   Conj_Acid  9.50
                                            36   Conj_Acid  9.50
                                            49   Conj_Acid  9.44
                                            50   Conj_Acid  9.50
                                            51   Conj_Acid  9.44
                                            20   Conj_Base  2.61
                                            24   Conj_Base  3.81
                                            26   Conj_Base -0.70
                                            46   Conj_Acid 13.01
                                            47   Conj_Acid 13.01
                                            14   Conj_Base -1.48
                                            16   Conj_Base -2.08
 pKa penalty:                                 0.00 kcal/mol
     Charging penalty:                        0.00 kcal/mol
     Neutralization penalty:                  0.00 kcal/mol
 Overall Penalty (tautomerization included):  1.06 kcal/mol
 Total Charge: 1
 Metal Penalty:                               1.06 kcal/mol
 Chemistry Notes:   This compound contains an acetal/aminal-like group ( X-CH(R)-Y where X, Y are N, S, or O) that may be acid/base labile, releasing an aldehyde.
---------------------------
Processing Input Structure #2
        Title: 
Metal Binding:    Using non-metal probability:          1.000000e+00
                                              Calculated pKas
                                                 Conjugate
                                          Atom   Acid/Base  pKa
. . . . . . . . . . . . . . . . . . . . . . .
Variation: 1
                                             9   Conj_Acid 14.76
                                            14   Conj_Acid 14.76
                                            11   Conj_Acid 14.18
                                             2   Conj_Base  0.65
                                             4   Conj_Base -0.64
                                             6   Conj_Base  0.65
 pKa penalty:                                 0.00 kcal/mol
     Charging penalty:                        0.00 kcal/mol
     Neutralization penalty:                  0.00 kcal/mol
 Overall Penalty (tautomerization included): -0.00 kcal/mol
 Total Charge: 0
 Metal Penalty:                              -0.00 kcal/mol
---------------------------
Processing Input Structure #3
        Title: 
Metal Binding:    Using non-metal probability:          1.000000e+00
                                              Calculated pKas
                                                 Conjugate
                                          Atom   Acid/Base  pKa
. . . . . . . . . . . . . . . . . . . . . . .
Variation: 1
                                             9   Conj_Acid 14.76
                                            14   Conj_Acid 14.76
                                            11   Conj_Acid 14.18
                                             2   Conj_Base  0.65
                                             4   Conj_Base -0.64
                                             6   Conj_Base  0.65
 pKa penalty:                                 0.00 kcal/mol
     Charging penalty:                        0.00 kcal/mol
     Neutralization penalty:                  0.00 kcal/mol
 Overall Penalty (tautomerization included): -0.00 kcal/mol
 Total Charge: 0
 Metal Penalty:                              -0.00 kcal/mol
---------------------------
Processing Input Structure #4
        Title: 
Metal Binding:    Using non-metal probability:          1.000000e+00
                                              Calculated pKas
                                                 Conjugate
                                          Atom   Acid/Base  pKa
. . . . . . . . . . . . . . . . . . . . . . .
Variation: 1
                                             9   Conj_Acid 14.76
                                            14   Conj_Acid 14.76
                                            11   Conj_Acid 14.18
                                             2   Conj_Base  0.65
                                             4   Conj_Base -0.64
                                             6   Conj_Base  0.65
 pKa penalty:                                 0.00 kcal/mol
     Charging penalty:                        0.00 kcal/mol
     Neutralization penalty:                  0.00 kcal/mol
 Overall Penalty (tautomerization included): -0.00 kcal/mol
 Total Charge: 0
 Metal Penalty:                              -0.00 kcal/mol
---------------------------
Processing Input Structure #5
        Title: 
Metal Binding:    Using non-metal probability:          1.000000e+00
                                              Calculated pKas
                                                 Conjugate
                                          Atom   Acid/Base  pKa
. . . . . . . . . . . . . . . . . . . . . . .
Variation: 1
                                             9   Conj_Acid 14.76
                                            14   Conj_Acid 14.76
                                            11   Conj_Acid 14.18
                                             2   Conj_Base  0.65
                                             4   Conj_Base -0.64
                                             6   Conj_Base  0.65
 pKa penalty:                                 0.00 kcal/mol
     Charging penalty:                        0.00 kcal/mol
     Neutralization penalty:                  0.00 kcal/mol
 Overall Penalty (tautomerization included): -0.00 kcal/mol
 Total Charge: 0
 Metal Penalty:                              -0.00 kcal/mol
---------------------------
Processing Input Structure #6
        Title: 
                                              Calculated pKas
                                                 Conjugate
                                          Atom   Acid/Base  pKa
. . . . . . . . . . . . . . . . . . . . . . .
Variation: 1
                                            43   Conj_Acid 13.61
                                            45   Conj_Acid 12.56
                                            31   Conj_Acid  4.25
                                             1   Conj_Base  6.21
                                             9   Conj_Base  9.50
                                            20   Conj_Base  2.64
                                            24   Conj_Base  3.83
                                            26   Conj_Base -0.66
                                            48   Conj_Acid 13.02
                                            49   Conj_Acid 13.02
                                            14   Conj_Base -1.07
                                            16   Conj_Base -1.88
 pKa penalty:                                 7.26 kcal/mol
     Charging penalty:                        0.00 kcal/mol
     Neutralization penalty:                  7.26 kcal/mol
 Overall Penalty (tautomerization included): 12.67 kcal/mol
 Total Charge: 0
 Metal Penalty:                              12.67 kcal/mol
 Chemistry Notes:   This compound contains an acetal/aminal-like group ( X-CH(R)-Y where X, Y are N, S, or O) that may be acid/base labile, releasing an aldehyde.
. . . . . . . . . . . . . . . . . . . . . . .
Variation: 2
                                            42   Conj_Acid 13.07
                                            44   Conj_Acid 12.29
                                             4   Conj_Base  2.27
                                            28   Conj_Acid  9.44
                                            29   Conj_Acid  9.44
                                            36   Conj_Acid  9.50
                                            37   Conj_Acid  9.50
                                            50   Conj_Acid  9.44
                                            51   Conj_Acid  9.50
                                            20   Conj_Base  2.61
                                            24   Conj_Base  3.81
                                            26   Conj_Base -0.70
                                            47   Conj_Acid 13.01
                                            48   Conj_Acid 13.01
                                            14   Conj_Base -1.48
                                            16   Conj_Base -2.08
 pKa penalty:                                 0.00 kcal/mol
     Charging penalty:                        0.00 kcal/mol
     Neutralization penalty:                  0.00 kcal/mol
 Overall Penalty (tautomerization included):  1.06 kcal/mol
 Total Charge: 1
 Metal Penalty:                               1.06 kcal/mol
 Chemistry Notes:   This compound contains an acetal/aminal-like group ( X-CH(R)-Y where X, Y are N, S, or O) that may be acid/base labile, releasing an aldehyde.
. . . . . . . . . . . . . . . . . . . . . . .
Variation: 3
                                            41   Conj_Acid 13.07
                                            43   Conj_Acid 12.29
                                             4   Conj_Base  2.27
                                            28   Conj_Acid  9.44
                                            35   Conj_Acid  9.50
                                            36   Conj_Acid  9.50
                                            49   Conj_Acid  9.44
                                            50   Conj_Acid  9.50
                                            51   Conj_Acid  9.44
                                            20   Conj_Base  2.61
                                            24   Conj_Base  3.81
                                            26   Conj_Base -0.70
                                            46   Conj_Acid 13.01
                                            47   Conj_Acid 13.01
                                            14   Conj_Base -1.48
                                            16   Conj_Base -2.08
 pKa penalty:                                 0.00 kcal/mol
     Charging penalty:                        0.00 kcal/mol
     Neutralization penalty:                  0.00 kcal/mol
 Overall Penalty (tautomerization included):  1.06 kcal/mol
 Total Charge: 1
 Metal Penalty:                               1.06 kcal/mol
 Chemistry Notes:   This compound contains an acetal/aminal-like group ( X-CH(R)-Y where X, Y are N, S, or O) that may be acid/base labile, releasing an aldehyde.
. . . . . . . . . . . . . . . . . . . . . . .
Variation: 4
                                            41   Conj_Acid 13.07
                                            43   Conj_Acid 12.29
                                             4   Conj_Base  2.27
                                            28   Conj_Acid  9.44
                                            35   Conj_Acid  9.50
                                            36   Conj_Acid  9.50
                                            49   Conj_Acid  9.44
                                            50   Conj_Acid  9.50
                                            51   Conj_Acid  9.44
                                            20   Conj_Base  2.61
                                            24   Conj_Base  3.81
                                            26   Conj_Base -0.70
                                            46   Conj_Acid 13.01
                                            47   Conj_Acid 13.01
                                            14   Conj_Base -1.48
                                            16   Conj_Base -2.08
 pKa penalty:                                 0.00 kcal/mol
     Charging penalty:                        0.00 kcal/mol
     Neutralization penalty:                  0.00 kcal/mol
 Overall Penalty (tautomerization included):  1.06 kcal/mol
 Total Charge: 1
 Metal Penalty:                               1.06 kcal/mol
 Chemistry Notes:   This compound contains an acetal/aminal-like group ( X-CH(R)-Y where X, Y are N, S, or O) that may be acid/base labile, releasing an aldehyde.
. . . . . . . . . . . . . . . . . . . . . . .
Variation: 5
                                            41   Conj_Acid 13.07
                                            43   Conj_Acid 12.29
                                             4   Conj_Base  2.27
                                            28   Conj_Acid  9.44
                                            29   Conj_Acid  9.44
                                            36   Conj_Acid  9.50
                                            49   Conj_Acid  9.44
                                            50   Conj_Acid  9.50
                                            51   Conj_Acid  9.50
                                            20   Conj_Base  2.61
                                            24   Conj_Base  3.81
                                            26   Conj_Base -0.70
                                            46   Conj_Acid 13.01
                                            47   Conj_Acid 13.01
                                            14   Conj_Base -1.48
                                            16   Conj_Base -2.08
 pKa penalty:                                 0.00 kcal/mol
     Charging penalty:                        0.00 kcal/mol
     Neutralization penalty:                  0.00 kcal/mol
 Overall Penalty (tautomerization included):  1.06 kcal/mol
 Total Charge: 1
 Metal Penalty:                               1.06 kcal/mol
 Chemistry Notes:   This compound contains an acetal/aminal-like group ( X-CH(R)-Y where X, Y are N, S, or O) that may be acid/base labile, releasing an aldehyde.
. . . . . . . . . . . . . . . . . . . . . . .
Variation: 6
                                            41   Conj_Acid 13.07
                                            43   Conj_Acid 12.29
                                             4   Conj_Base  2.27
                                            28   Conj_Acid  9.44
                                            35   Conj_Acid  9.50
                                            36   Conj_Acid  9.50
                                            49   Conj_Acid  9.44
                                            50   Conj_Acid  9.50
                                            51   Conj_Acid  9.44
                                            20   Conj_Base  2.61
                                            24   Conj_Base  3.81
                                            26   Conj_Base -0.70
                                            46   Conj_Acid 13.01
                                            47   Conj_Acid 13.01
                                            14   Conj_Base -1.48
                                            16   Conj_Base -2.08
 pKa penalty:                                 0.00 kcal/mol
     Charging penalty:                        0.00 kcal/mol
     Neutralization penalty:                  0.00 kcal/mol
 Overall Penalty (tautomerization included):  1.06 kcal/mol
 Total Charge: 1
 Metal Penalty:                               1.06 kcal/mol
 Chemistry Notes:   This compound contains an acetal/aminal-like group ( X-CH(R)-Y where X, Y are N, S, or O) that may be acid/base labile, releasing an aldehyde.
. . . . . . . . . . . . . . . . . . . . . . .
Variation: 7
                                            41   Conj_Acid 13.07
                                            43   Conj_Acid 12.29
                                             4   Conj_Base  2.27
                                            28   Conj_Acid  9.44
                                            35   Conj_Acid  9.50
                                            36   Conj_Acid  9.50
                                            49   Conj_Acid  9.44
                                            50   Conj_Acid  9.50
                                            51   Conj_Acid  9.44
                                            20   Conj_Base  2.61
                                            24   Conj_Base  3.81
                                            26   Conj_Base -0.70
                                            46   Conj_Acid 13.01
                                            47   Conj_Acid 13.01
                                            14   Conj_Base -1.48
                                            16   Conj_Base -2.08
 pKa penalty:                                 0.00 kcal/mol
     Charging penalty:                        0.00 kcal/mol
     Neutralization penalty:                  0.00 kcal/mol
 Overall Penalty (tautomerization included):  1.06 kcal/mol
 Total Charge: 1
 Metal Penalty:                               1.06 kcal/mol
 Chemistry Notes:   This compound contains an acetal/aminal-like group ( X-CH(R)-Y where X, Y are N, S, or O) that may be acid/base labile, releasing an aldehyde.
---------------------------
Processing Input Structure #7
        Title: 
Metal Binding:    Using non-metal probability:          1.000000e+00
                                              Calculated pKas
                                                 Conjugate
                                          Atom   Acid/Base  pKa
. . . . . . . . . . . . . . . . . . . . . . .
Variation: 1
                                             9   Conj_Acid 14.76
                                            14   Conj_Acid 14.76
                                            11   Conj_Acid 14.18
                                             2   Conj_Base  0.65
                                             4   Conj_Base -0.64
                                             6   Conj_Base  0.65
 pKa penalty:                                 0.00 kcal/mol
     Charging penalty:                        0.00 kcal/mol
     Neutralization penalty:                  0.00 kcal/mol
 Overall Penalty (tautomerization included): -0.00 kcal/mol
 Total Charge: 0
 Metal Penalty:                              -0.00 kcal/mol
---------------------------
Processing Input Structure #8
        Title: 
Metal Binding:    Using non-metal probability:          1.000000e+00
                                              Calculated pKas
                                                 Conjugate
                                          Atom   Acid/Base  pKa
. . . . . . . . . . . . . . . . . . . . . . .
Variation: 1
                                             9   Conj_Acid 14.76
                                            14   Conj_Acid 14.76
                                            11   Conj_Acid 14.18
                                             2   Conj_Base  0.65
                                             4   Conj_Base -0.64
                                             6   Conj_Base  0.65
 pKa penalty:                                 0.00 kcal/mol
     Charging penalty:                        0.00 kcal/mol
     Neutralization penalty:                  0.00 kcal/mol
 Overall Penalty (tautomerization included): -0.00 kcal/mol
 Total Charge: 0
 Metal Penalty:                              -0.00 kcal/mol
---------------------------

Job completed at Thu Oct 21 23:18:34 2021
Elapsed time: 17.0756s
